<?xml version="1.0" encoding="UTF-8"?>
<testsuite name="TicTacToeTest" tests="1" skipped="0" failures="0" errors="0" timestamp="2022-12-18T03:57:02" hostname="haleys-Air.attlocal.net" time="0.048">
  <properties/>
  <testcase name="start" classname="TicTacToeTest" time="0.048"/>
  <system-out><![CDATA[?[1;31m
Start test 1?[0m
XOX
XOX
XXO
]]></system-out>
  <system-err><![CDATA[]]></system-err>
</testsuite>
